[debug] [2023-08-02T09:12:41.266Z] ----------------------------------------------------------------------
[debug] [2023-08-02T09:12:41.268Z] Command:       C:\Program Files\nodejs\node.exe C:\Users\acer\AppData\Roaming\npm\node_modules\firebase-tools\lib\bin\firebase.js init
[debug] [2023-08-02T09:12:41.269Z] CLI Version:   12.4.3
[debug] [2023-08-02T09:12:41.269Z] Platform:      win32
[debug] [2023-08-02T09:12:41.269Z] Node Version:  v18.16.1
[debug] [2023-08-02T09:12:41.270Z] Time:          Wed Aug 02 2023 14:12:41 GMT+0500 (Yekaterinburg Standard Time)
[debug] [2023-08-02T09:12:41.270Z] ----------------------------------------------------------------------
[debug] 
[debug] [2023-08-02T09:12:41.274Z] > command requires scopes: ["email","openid","https://www.googleapis.com/auth/cloudplatformprojects.readonly","https://www.googleapis.com/auth/firebase","https://www.googleapis.com/auth/cloud-platform"]
[debug] [2023-08-02T09:12:41.275Z] > authorizing via signed-in user (kuliyevkamoliddin5@gmail.com)
[info] 
     ######## #### ########  ######## ########     ###     ######  ########
     ##        ##  ##     ## ##       ##     ##  ##   ##  ##       ##
     ######    ##  ########  ######   ########  #########  ######  ######
     ##        ##  ##    ##  ##       ##     ## ##     ##       ## ##
     ##       #### ##     ## ######## ########  ##     ##  ######  ########

You're about to initialize a Firebase project in this directory:

  C:\Users\acer\Desktop\Learning Firebase

[info] 
=== Project Setup
[info] 
[info] First, let's associate this project directory with a Firebase project.
[info] You can create multiple project aliases by running firebase use --add, 
[info] but for now we'll just set up a default project.
[info] 
[debug] [2023-08-02T09:15:31.816Z] >>> [apiv2][query] GET https://firebase.googleapis.com/v1beta1/projects pageSize=100
[debug] [2023-08-02T09:15:32.575Z] <<< [apiv2][status] GET https://firebase.googleapis.com/v1beta1/projects 200
[debug] [2023-08-02T09:15:32.575Z] <<< [apiv2][body] GET https://firebase.googleapis.com/v1beta1/projects [omitted]
[info] i  Using project fir-learning-course-dd6b1 (firebase-learning-course) 
[info] 
=== Hosting Setup
[info] 
[info] Your public directory is the folder (relative to your project directory) that
[info] will contain Hosting assets to be uploaded with firebase deploy. If you
[info] have a build process for your assets, use your build's output directory.
[info] 
[info] +  Wrote public/404.html 
[debug] [2023-08-02T09:17:44.975Z] >>> [apiv2][query] GET https://www.gstatic.com/firebasejs/releases.json [none]
[debug] [2023-08-02T09:17:45.290Z] <<< [apiv2][status] GET https://www.gstatic.com/firebasejs/releases.json 200
[debug] [2023-08-02T09:17:45.290Z] <<< [apiv2][body] GET https://www.gstatic.com/firebasejs/releases.json {"current":{"version":"10.1.0","browserURL":"https://www.gstatic.com/firebasejs/10.1.0/firebase.js","packageURL":"https://www.gstatic.com/firebasejs/10.1.0/firebase.tgz"},"live":{"version":"10.1","browserURL":"https://www.gstatic.com/firebasejs/live/10.1/firebase.js","packageURL":"https://www.gstatic.com/firebasejs/live/10.1/firebase.tgz"},"components":{"analytics":"https://www.gstatic.com/firebasejs/10.1.0/firebase-analytics.js","app":"https://www.gstatic.com/firebasejs/10.1.0/firebase-app.js","app-check":"https://www.gstatic.com/firebasejs/10.1.0/firebase-app-check.js","auth":"https://www.gstatic.com/firebasejs/10.1.0/firebase-auth.js","auth/cordova":"https://www.gstatic.com/firebasejs/10.1.0/firebase-auth/cordova.js","functions":"https://www.gstatic.com/firebasejs/10.1.0/firebase-functions.js","firestore":"https://www.gstatic.com/firebasejs/10.1.0/firebase-firestore.js","firestore/lite":"https://www.gstatic.com/firebasejs/10.1.0/firebase-firestore/lite.js","installations":"https://www.gstatic.com/firebasejs/10.1.0/firebase-installations.js","storage":"https://www.gstatic.com/firebasejs/10.1.0/firebase-storage.js","performance":"https://www.gstatic.com/firebasejs/10.1.0/firebase-performance.js","remote-config":"https://www.gstatic.com/firebasejs/10.1.0/firebase-remote-config.js","messaging":"https://www.gstatic.com/firebasejs/10.1.0/firebase-messaging.js","messaging/sw":"https://www.gstatic.com/firebasejs/10.1.0/firebase-messaging/sw.js","database":"https://www.gstatic.com/firebasejs/10.1.0/firebase-database.js","firestore.memory":"https://www.gstatic.com/firebasejs/10.1.0/firebase-firestore.memory.js"}}
[info] +  Wrote public/index.html 
[info] 
[info] i  Didn't detect a .git folder. Assuming C:\Users\acer\Desktop\Learning Firebase is the project root. 
[info] i  Authorizing with GitHub to upload your service account to a GitHub repository's secrets store. 
[info] 
[info] Visit this URL on this device to log in:
[info] https://github.com/login/oauth/authorize?client_id=89cf50f02ac6aaed3484&state=15954352&redirect_uri=http%3A%2F%2Flocalhost%3A9005&scope=read%3Auser%20repo%20public_repo
[info] 
[info] Waiting for authentication...
[debug] [2023-08-02T09:18:28.895Z] >>> [apiv2][query] POST https://github.com/login/oauth/access_token [none]
[debug] [2023-08-02T09:18:28.895Z] >>> [apiv2][body] POST https://github.com/login/oauth/access_token [stream]
[debug] [2023-08-02T09:18:29.759Z] <<< [apiv2][status] POST https://github.com/login/oauth/access_token 200
[debug] [2023-08-02T09:18:29.759Z] <<< [apiv2][body] POST https://github.com/login/oauth/access_token {"access_token":"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","token_type":"bearer","scope":"read:user,repo"}
[debug] [2023-08-02T09:18:29.765Z] >>> [apiv2][query] GET https://api.github.com/user [none]
[debug] [2023-08-02T09:18:30.327Z] <<< [apiv2][status] GET https://api.github.com/user 200
[debug] [2023-08-02T09:18:30.327Z] <<< [apiv2][body] GET https://api.github.com/user {"login":"Kamoliddin526","id":128594996,"node_id":"U_kgDOB6o0NA","avatar_url":"https://avatars.githubusercontent.com/u/128594996?v=4","gravatar_id":"","url":"https://api.github.com/users/Kamoliddin526","html_url":"https://github.com/Kamoliddin526","followers_url":"https://api.github.com/users/Kamoliddin526/followers","following_url":"https://api.github.com/users/Kamoliddin526/following{/other_user}","gists_url":"https://api.github.com/users/Kamoliddin526/gists{/gist_id}","starred_url":"https://api.github.com/users/Kamoliddin526/starred{/owner}{/repo}","subscriptions_url":"https://api.github.com/users/Kamoliddin526/subscriptions","organizations_url":"https://api.github.com/users/Kamoliddin526/orgs","repos_url":"https://api.github.com/users/Kamoliddin526/repos","events_url":"https://api.github.com/users/Kamoliddin526/events{/privacy}","received_events_url":"https://api.github.com/users/Kamoliddin526/received_events","type":"User","site_admin":false,"name":"_Kamoliddin_","company":null,"blog":"","location":"Angren","email":null,"hireable":null,"bio":"Hello there 👋 \r\nI'm Kamoliddin.\r\nI am an upcoming Frontend Web Developer. \r\nI know HTML, CSS and JavaScript as well as libraries like Bootstrap, Jquery. ","twitter_username":null,"public_repos":22,"public_gists":0,"followers":1,"following":1,"created_at":"2023-03-22T10:49:37Z","updated_at":"2023-07-28T08:53:26Z","private_gists":0,"total_private_repos":0,"owned_private_repos":0,"disk_usage":186038,"collaborators":0,"two_factor_authentication":false,"plan":{"name":"free","space":976562499,"collaborators":0,"private_repos":10000}}
[info] 
[info] +  Success! Logged into GitHub as Kamoliddin526 
[info] 
